2018-11-29 11:05:36,794 [Worker-0: Loading available Gradle versions] INFO  c.g.t.t.d.PublishedGradleVersions - Gradle version information cache is up-to-date. Trying to read.
2018-11-29 11:06:09,810 [Worker-11: Building workspace] INFO  o.e.m.c.i.l.LifecycleMappingFactory - Using org.eclipse.m2e.jdt.JarLifecycleMapping lifecycle mapping for MavenProject: com.tiburcio.people:PeopleWithAuthBasic:0.0.1-SNAPSHOT @ D:\Casa\2-DAM-T-PGL\ionic\ionic-crud-restful-authbasic\spring-crud-restful-authbasic\PeopleWithAuthBasic\pom.xml.
2018-11-29 11:06:09,810 [Worker-10: Updating Maven Dependencies] INFO  o.e.m.c.i.l.LifecycleMappingFactory - Using org.eclipse.m2e.jdt.JarLifecycleMapping lifecycle mapping for MavenProject: com.tiburcio.people:PeopleWithAuthBasic:0.0.1-SNAPSHOT @ D:\Casa\2-DAM-T-PGL\ionic\ionic-crud-restful-authbasic\spring-crud-restful-authbasic\PeopleWithAuthBasic\pom.xml.
2018-11-29 11:06:12,895 [Worker-11: Building workspace] INFO  o.e.m.c.i.embedder.EclipseLogger - Using 'UTF-8' encoding to copy filtered resources.
2018-11-29 11:06:12,901 [Worker-11: Building workspace] INFO  o.e.m.c.i.embedder.EclipseLogger - Copying 1 resource
2018-11-29 11:06:12,925 [Worker-11: Building workspace] INFO  o.e.m.c.i.embedder.EclipseLogger - Copying 0 resource
2018-11-29 11:06:12,930 [Worker-11: Building workspace] INFO  o.e.m.c.i.embedder.EclipseLogger - Using 'UTF-8' encoding to copy filtered resources.
2018-11-29 11:06:12,930 [Worker-11: Building workspace] INFO  o.e.m.c.i.embedder.EclipseLogger - skip non existing resourceDirectory D:\Casa\2-DAM-T-PGL\ionic\ionic-crud-restful-authbasic\spring-crud-restful-authbasic\PeopleWithAuthBasic\src\test\resources
2018-11-29 11:06:16,163 [Worker-8: Updating Maven Dependencies] INFO  o.e.m.c.i.l.LifecycleMappingFactory - Using org.eclipse.m2e.jdt.JarLifecycleMapping lifecycle mapping for MavenProject: com.tiburcio.people:PeopleWithAuthBasic:0.0.1-SNAPSHOT @ D:\Casa\2-DAM-T-PGL\ionic\ionic-crud-restful-authbasic\spring-crud-restful-authbasic\PeopleWithAuthBasic\pom.xml.
2018-11-29 11:06:16,190 [Worker-1: Building workspace] INFO  o.e.m.c.i.embedder.EclipseLogger - Using 'UTF-8' encoding to copy filtered resources.
2018-11-29 11:06:16,198 [Worker-1: Building workspace] INFO  o.e.m.c.i.embedder.EclipseLogger - Copying 1 resource
2018-11-29 11:06:16,236 [Worker-1: Building workspace] INFO  o.e.m.c.i.embedder.EclipseLogger - Copying 0 resource
2018-11-29 11:06:16,240 [Worker-1: Building workspace] INFO  o.e.m.c.i.embedder.EclipseLogger - Using 'UTF-8' encoding to copy filtered resources.
2018-11-29 11:06:16,240 [Worker-1: Building workspace] INFO  o.e.m.c.i.embedder.EclipseLogger - skip non existing resourceDirectory D:\Casa\2-DAM-T-PGL\ionic\ionic-crud-restful-authbasic\spring-crud-restful-authbasic\PeopleWithAuthBasic\src\test\resources
2018-11-29 11:06:18,509 [Worker-1: Building workspace] INFO  o.e.m.c.i.embedder.EclipseLogger - Using 'UTF-8' encoding to copy filtered resources.
2018-11-29 11:06:18,511 [Worker-1: Building workspace] INFO  o.e.m.c.i.embedder.EclipseLogger - Copying 1 resource
2018-11-29 11:06:18,530 [Worker-1: Building workspace] INFO  o.e.m.c.i.embedder.EclipseLogger - Copying 0 resource
2018-11-29 11:06:18,533 [Worker-1: Building workspace] INFO  o.e.m.c.i.embedder.EclipseLogger - Using 'UTF-8' encoding to copy filtered resources.
2018-11-29 11:06:18,534 [Worker-1: Building workspace] INFO  o.e.m.c.i.embedder.EclipseLogger - skip non existing resourceDirectory D:\Casa\2-DAM-T-PGL\ionic\ionic-crud-restful-authbasic\spring-crud-restful-authbasic\PeopleWithAuthBasic\src\test\resources
2018-11-29 11:07:50,342 [Worker-2: Building workspace] INFO  o.e.m.c.i.embedder.EclipseLogger - Using 'UTF-8' encoding to copy filtered resources.
2018-11-29 11:07:50,349 [Worker-2: Building workspace] INFO  o.e.m.c.i.embedder.EclipseLogger - Copying 0 resource
2018-11-29 11:07:50,356 [Worker-2: Building workspace] INFO  o.e.m.c.i.embedder.EclipseLogger - Copying 0 resource
2018-11-29 11:07:50,364 [Worker-2: Building workspace] INFO  o.e.m.c.i.embedder.EclipseLogger - Using 'UTF-8' encoding to copy filtered resources.
2018-11-29 11:07:50,365 [Worker-2: Building workspace] INFO  o.e.m.c.i.embedder.EclipseLogger - skip non existing resourceDirectory D:\Casa\2-DAM-T-PGL\ionic\ionic-crud-restful-authbasic\spring-crud-restful-authbasic\PeopleWithAuthBasic\src\test\resources
